0 info it worked if it ends with ok
1 verbose cli [ '/usr/local/bin/node',
1 verbose cli   '/usr/local/bin/npm',
1 verbose cli   'install',
1 verbose cli   'libxmljs' ]
2 info using npm@1.1.45
3 info using node@v0.8.4
4 verbose config file /root/.npmrc
5 verbose config file /usr/local/etc/npmrc
6 verbose config file /usr/local/lib/node_modules/npm/npmrc
7 verbose read json /home/zhaolin/localhost:443/node-app/package.json
8 warn package.json application-name@0.0.1 No README.md file found!
9 verbose read json /home/zhaolin/localhost:443/node-app/node_modules/iconv-lite/package.json
10 verbose read json /home/zhaolin/localhost:443/node-app/node_modules/ejs/package.json
11 verbose read json /home/zhaolin/localhost:443/node-app/node_modules/express/package.json
12 verbose read json /home/zhaolin/localhost:443/node-app/node_modules/mysql/package.json
13 verbose read json /home/zhaolin/localhost:443/node-app/node_modules/iconv/package.json
14 verbose read json /home/zhaolin/localhost:443/node-app/node_modules/utils/package.json
15 verbose from cache /home/zhaolin/localhost:443/node-app/package.json
16 verbose readDependencies using package.json deps
17 verbose cache add [ 'libxmljs', null ]
18 silly cache add name=undefined spec="libxmljs" args=["libxmljs",null]
19 verbose parsed url { pathname: 'libxmljs', path: 'libxmljs', href: 'libxmljs' }
20 silly lockFile 7cc0caa4-libxmljs libxmljs
21 verbose lock libxmljs /root/.npm/7cc0caa4-libxmljs.lock
22 silly lockFile 7cc0caa4-libxmljs libxmljs
23 verbose addNamed [ 'libxmljs', '' ]
24 verbose addNamed [ null, '' ]
25 silly lockFile facb906b-libxmljs libxmljs@
26 verbose lock libxmljs@ /root/.npm/facb906b-libxmljs.lock
27 silly addNameRange { name: 'libxmljs', range: '', hasData: false }
28 verbose url raw libxmljs
29 verbose url resolving [ 'https://registry.npmjs.org/', './libxmljs' ]
30 verbose url resolved https://registry.npmjs.org/libxmljs
31 info retry registry request attempt 1 at 14:39:44
32 http GET https://registry.npmjs.org/libxmljs
33 http 200 https://registry.npmjs.org/libxmljs
34 silly registry.get cb [ 200,
34 silly registry.get   { vary: 'Accept',
34 silly registry.get     server: 'CouchDB/1.2.0 (Erlang OTP/R15B)',
34 silly registry.get     etag: '"B8KM675ON7DUEIF8ICIPP8GNE"',
34 silly registry.get     date: 'Wed, 02 Jan 2013 06:38:39 GMT',
34 silly registry.get     'content-type': 'application/json',
34 silly registry.get     'content-length': '23395' } ]
35 silly addNameRange number 2 { name: 'libxmljs', range: '', hasData: true }
36 silly addNameRange versions [ 'libxmljs',
36 silly addNameRange   [ '0.4.1',
36 silly addNameRange     '0.4.2',
36 silly addNameRange     '0.4.3',
36 silly addNameRange     '0.5.0',
36 silly addNameRange     '0.5.1',
36 silly addNameRange     '0.5.2',
36 silly addNameRange     '0.5.3',
36 silly addNameRange     '0.5.4',
36 silly addNameRange     '0.6.0',
36 silly addNameRange     '0.6.1' ] ]
37 verbose addNamed [ 'libxmljs', '0.6.1' ]
38 verbose addNamed [ '0.6.1', '0.6.1' ]
39 silly lockFile 20ccf02a-libxmljs-0-6-1 libxmljs@0.6.1
40 verbose lock libxmljs@0.6.1 /root/.npm/20ccf02a-libxmljs-0-6-1.lock
41 silly lockFile 60b19884--org-libxmljs-libxmljs-0-6-1-tgz https://registry.npmjs.org/libxmljs/-/libxmljs-0.6.1.tgz
42 verbose lock https://registry.npmjs.org/libxmljs/-/libxmljs-0.6.1.tgz /root/.npm/60b19884--org-libxmljs-libxmljs-0-6-1-tgz.lock
43 verbose addRemoteTarball [ 'https://registry.npmjs.org/libxmljs/-/libxmljs-0.6.1.tgz',
43 verbose addRemoteTarball   'f8d280293fdc5d8c08dadb6918be493a7123ff98' ]
44 info retry fetch attempt 1 at 14:39:53
45 verbose fetch to= /root/tmp/npm-28966/1357108793301-0.7081380886957049/tmp.tgz
46 http GET https://registry.npmjs.org/libxmljs/-/libxmljs-0.6.1.tgz
47 http 200 https://registry.npmjs.org/libxmljs/-/libxmljs-0.6.1.tgz
48 silly shasum updated bytes 32641
49 info shasum f8d280293fdc5d8c08dadb6918be493a7123ff98
49 info shasum /root/tmp/npm-28966/1357108793301-0.7081380886957049/tmp.tgz
50 verbose tar unpack /root/tmp/npm-28966/1357108793301-0.7081380886957049/tmp.tgz
51 silly lockFile c41e0d75-93301-0-7081380886957049-package /root/tmp/npm-28966/1357108793301-0.7081380886957049/package
52 verbose lock /root/tmp/npm-28966/1357108793301-0.7081380886957049/package /root/.npm/c41e0d75-93301-0-7081380886957049-package.lock
53 silly gunzTarPerm modes [ '755', '644' ]
54 silly gunzTarPerm extractEntry package.json
55 silly gunzTarPerm modified mode [ 'package.json', 438, 420 ]
56 silly gunzTarPerm extractEntry .npmignore
57 silly gunzTarPerm modified mode [ '.npmignore', 438, 420 ]
58 silly gunzTarPerm extractEntry README.md
59 silly gunzTarPerm modified mode [ 'README.md', 438, 420 ]
60 silly gunzTarPerm extractEntry LICENSE
61 silly gunzTarPerm modified mode [ 'LICENSE', 438, 420 ]
62 silly gunzTarPerm extractEntry index.js
63 silly gunzTarPerm modified mode [ 'index.js', 438, 420 ]
64 silly gunzTarPerm extractEntry lib/bindings.js
65 silly gunzTarPerm modified mode [ 'lib/bindings.js', 438, 420 ]
66 silly gunzTarPerm extractEntry lib/document.js
67 silly gunzTarPerm modified mode [ 'lib/document.js', 438, 420 ]
68 silly gunzTarPerm extractEntry lib/element.js
69 silly gunzTarPerm modified mode [ 'lib/element.js', 438, 420 ]
70 silly gunzTarPerm extractEntry lib/sax_parser.js
71 silly gunzTarPerm modified mode [ 'lib/sax_parser.js', 438, 420 ]
72 silly gunzTarPerm extractEntry .travis.yml
73 silly gunzTarPerm modified mode [ '.travis.yml', 438, 420 ]
74 silly gunzTarPerm extractEntry Makefile
75 silly gunzTarPerm modified mode [ 'Makefile', 438, 420 ]
76 silly gunzTarPerm extractEntry docs/_Sidebar.md
77 silly gunzTarPerm modified mode [ 'docs/_Sidebar.md', 438, 420 ]
78 silly gunzTarPerm extractEntry docs/api/Attribute.md
79 silly gunzTarPerm modified mode [ 'docs/api/Attribute.md', 438, 420 ]
80 silly gunzTarPerm extractEntry docs/api/Element.md
81 silly gunzTarPerm modified mode [ 'docs/api/Element.md', 438, 420 ]
82 silly gunzTarPerm extractEntry docs/api/HtmlDocument.md
83 silly gunzTarPerm modified mode [ 'docs/api/HtmlDocument.md', 438, 420 ]
84 silly gunzTarPerm extractEntry docs/api/Libxmljs.md
85 silly gunzTarPerm modified mode [ 'docs/api/Libxmljs.md', 438, 420 ]
86 silly gunzTarPerm extractEntry docs/api/Namespace.md
87 silly gunzTarPerm modified mode [ 'docs/api/Namespace.md', 438, 420 ]
88 silly gunzTarPerm extractEntry docs/api/Parser.md
89 silly gunzTarPerm modified mode [ 'docs/api/Parser.md', 438, 420 ]
90 silly gunzTarPerm extractEntry docs/api/SaxParser.md
91 silly gunzTarPerm modified mode [ 'docs/api/SaxParser.md', 438, 420 ]
92 silly gunzTarPerm extractEntry docs/api/SaxPushParser.md
93 silly gunzTarPerm modified mode [ 'docs/api/SaxPushParser.md', 438, 420 ]
94 silly gunzTarPerm extractEntry docs/api/SyntaxError.md
95 silly gunzTarPerm modified mode [ 'docs/api/SyntaxError.md', 438, 420 ]
96 silly gunzTarPerm extractEntry docs/api/XmlDocument.md
97 silly gunzTarPerm modified mode [ 'docs/api/XmlDocument.md', 438, 420 ]
98 silly gunzTarPerm extractEntry docs/Home.md
99 silly gunzTarPerm modified mode [ 'docs/Home.md', 438, 420 ]
100 silly gunzTarPerm extractEntry binding.gyp
101 silly gunzTarPerm modified mode [ 'binding.gyp', 438, 420 ]
102 silly gunzTarPerm extractEntry src/xml_namespace.cc
103 silly gunzTarPerm modified mode [ 'src/xml_namespace.cc', 438, 420 ]
104 silly gunzTarPerm extractEntry src/html_document.cc
105 silly gunzTarPerm modified mode [ 'src/html_document.cc', 438, 420 ]
106 silly gunzTarPerm extractEntry src/libxmljs.cc
107 silly gunzTarPerm modified mode [ 'src/libxmljs.cc', 438, 420 ]
108 silly gunzTarPerm extractEntry src/libxmljs.h
109 silly gunzTarPerm modified mode [ 'src/libxmljs.h', 438, 420 ]
110 silly gunzTarPerm extractEntry src/xml_attribute.cc
111 silly gunzTarPerm modified mode [ 'src/xml_attribute.cc', 438, 420 ]
112 silly gunzTarPerm extractEntry src/xml_attribute.h
113 silly gunzTarPerm modified mode [ 'src/xml_attribute.h', 438, 420 ]
114 silly gunzTarPerm extractEntry src/xml_document.cc
115 silly gunzTarPerm modified mode [ 'src/xml_document.cc', 438, 420 ]
116 silly gunzTarPerm extractEntry src/xml_document.h
117 silly gunzTarPerm modified mode [ 'src/xml_document.h', 438, 420 ]
118 silly gunzTarPerm extractEntry src/xml_element.cc
119 silly gunzTarPerm modified mode [ 'src/xml_element.cc', 438, 420 ]
120 silly gunzTarPerm extractEntry src/xml_element.h
121 silly gunzTarPerm modified mode [ 'src/xml_element.h', 438, 420 ]
122 silly gunzTarPerm extractEntry src/html_document.h
123 silly gunzTarPerm modified mode [ 'src/html_document.h', 438, 420 ]
124 silly gunzTarPerm extractEntry src/xml_namespace.h
125 silly gunzTarPerm modified mode [ 'src/xml_namespace.h', 438, 420 ]
126 silly gunzTarPerm extractEntry src/xml_node.cc
127 silly gunzTarPerm modified mode [ 'src/xml_node.cc', 438, 420 ]
128 silly gunzTarPerm extractEntry src/xml_node.h
129 silly gunzTarPerm modified mode [ 'src/xml_node.h', 438, 420 ]
130 silly gunzTarPerm extractEntry src/xml_sax_parser.cc
131 silly gunzTarPerm modified mode [ 'src/xml_sax_parser.cc', 438, 420 ]
132 silly gunzTarPerm extractEntry src/xml_sax_parser.h
133 silly gunzTarPerm modified mode [ 'src/xml_sax_parser.h', 438, 420 ]
134 silly gunzTarPerm extractEntry src/xml_syntax_error.cc
135 silly gunzTarPerm modified mode [ 'src/xml_syntax_error.cc', 438, 420 ]
136 silly gunzTarPerm extractEntry src/xml_syntax_error.h
137 silly gunzTarPerm modified mode [ 'src/xml_syntax_error.h', 438, 420 ]
138 silly gunzTarPerm extractEntry src/xml_xpath_context.cc
139 silly gunzTarPerm modified mode [ 'src/xml_xpath_context.cc', 438, 420 ]
140 silly gunzTarPerm extractEntry src/xml_xpath_context.h
141 silly gunzTarPerm modified mode [ 'src/xml_xpath_context.h', 438, 420 ]
142 silly gunzTarPerm extractEntry test/attribute.js
143 silly gunzTarPerm modified mode [ 'test/attribute.js', 438, 420 ]
144 silly gunzTarPerm extractEntry test/xml_parser.js
145 silly gunzTarPerm modified mode [ 'test/xml_parser.js', 438, 420 ]
146 silly gunzTarPerm extractEntry test/html_parser.js
147 silly gunzTarPerm modified mode [ 'test/html_parser.js', 438, 420 ]
148 silly gunzTarPerm extractEntry test/main.js
149 silly gunzTarPerm modified mode [ 'test/main.js', 438, 420 ]
150 silly gunzTarPerm extractEntry test/element.js
151 silly gunzTarPerm modified mode [ 'test/element.js', 438, 420 ]
152 silly gunzTarPerm extractEntry test/document.js
153 silly gunzTarPerm modified mode [ 'test/document.js', 438, 420 ]
154 silly gunzTarPerm extractEntry test/ref_integrity.js
155 silly gunzTarPerm modified mode [ 'test/ref_integrity.js', 438, 420 ]
156 silly gunzTarPerm extractEntry test/searching.js
157 silly gunzTarPerm modified mode [ 'test/searching.js', 438, 420 ]
158 silly gunzTarPerm extractEntry test/text_node.js
159 silly gunzTarPerm modified mode [ 'test/text_node.js', 438, 420 ]
160 silly gunzTarPerm extractEntry test/traversal.js
161 silly gunzTarPerm modified mode [ 'test/traversal.js', 438, 420 ]
162 silly gunzTarPerm extractEntry test/namespace.js
163 silly gunzTarPerm modified mode [ 'test/namespace.js', 438, 420 ]
164 silly gunzTarPerm extractEntry test/xml_sax_parser.js
165 silly gunzTarPerm modified mode [ 'test/xml_sax_parser.js', 438, 420 ]
166 silly gunzTarPerm extractEntry test/node_attributes.js
167 silly gunzTarPerm modified mode [ 'test/node_attributes.js', 438, 420 ]
168 silly gunzTarPerm extractEntry test/fixtures/errors/comment.xml
169 silly gunzTarPerm modified mode [ 'test/fixtures/errors/comment.xml', 438, 420 ]
170 silly gunzTarPerm extractEntry test/fixtures/parser-utf16.xml
171 silly gunzTarPerm modified mode [ 'test/fixtures/parser-utf16.xml', 438, 420 ]
172 silly gunzTarPerm extractEntry test/fixtures/parser.html
173 silly gunzTarPerm modified mode [ 'test/fixtures/parser.html', 438, 420 ]
174 silly gunzTarPerm extractEntry test/fixtures/parser.xml
175 silly gunzTarPerm modified mode [ 'test/fixtures/parser.xml', 438, 420 ]
176 silly gunzTarPerm extractEntry test/fixtures/sax_parser.xml
177 silly gunzTarPerm modified mode [ 'test/fixtures/sax_parser.xml', 438, 420 ]
178 silly gunzTarPerm extractEntry test/fixtures/warnings/amp.html
179 silly gunzTarPerm modified mode [ 'test/fixtures/warnings/amp.html', 438, 420 ]
180 silly gunzTarPerm extractEntry test/fixtures/warnings/ent9.xml
181 silly gunzTarPerm modified mode [ 'test/fixtures/warnings/ent9.xml', 438, 420 ]
182 silly gunzTarPerm extractEntry wscript
183 silly gunzTarPerm modified mode [ 'wscript', 438, 420 ]
184 verbose read json /root/tmp/npm-28966/1357108793301-0.7081380886957049/package/package.json
185 silly lockFile c41e0d75-93301-0-7081380886957049-package /root/tmp/npm-28966/1357108793301-0.7081380886957049/package
186 verbose from cache /root/tmp/npm-28966/1357108793301-0.7081380886957049/package/package.json
187 verbose tar pack [ '/root/.npm/libxmljs/0.6.1/package.tgz',
187 verbose tar pack   '/root/tmp/npm-28966/1357108793301-0.7081380886957049/package' ]
188 verbose tarball /root/.npm/libxmljs/0.6.1/package.tgz
189 verbose folder /root/tmp/npm-28966/1357108793301-0.7081380886957049/package
190 silly lockFile 1ce14c53-t-npm-libxmljs-0-6-1-package-tgz /root/.npm/libxmljs/0.6.1/package.tgz
191 verbose lock /root/.npm/libxmljs/0.6.1/package.tgz /root/.npm/1ce14c53-t-npm-libxmljs-0-6-1-package-tgz.lock
192 silly lockFile 1ce14c53-t-npm-libxmljs-0-6-1-package-tgz /root/.npm/libxmljs/0.6.1/package.tgz
193 silly lockFile fb9db74f-root-npm-libxmljs-0-6-1-package /root/.npm/libxmljs/0.6.1/package
194 verbose lock /root/.npm/libxmljs/0.6.1/package /root/.npm/fb9db74f-root-npm-libxmljs-0-6-1-package.lock
195 silly lockFile fb9db74f-root-npm-libxmljs-0-6-1-package /root/.npm/libxmljs/0.6.1/package
196 verbose tar unpack /root/.npm/libxmljs/0.6.1/package.tgz
197 silly lockFile fb9db74f-root-npm-libxmljs-0-6-1-package /root/.npm/libxmljs/0.6.1/package
198 verbose lock /root/.npm/libxmljs/0.6.1/package /root/.npm/fb9db74f-root-npm-libxmljs-0-6-1-package.lock
199 silly gunzTarPerm modes [ '755', '644' ]
200 silly gunzTarPerm extractEntry package.json
201 silly gunzTarPerm extractEntry .npmignore
202 silly gunzTarPerm extractEntry README.md
203 silly gunzTarPerm extractEntry LICENSE
204 silly gunzTarPerm extractEntry index.js
205 silly gunzTarPerm extractEntry lib/sax_parser.js
206 silly gunzTarPerm extractEntry lib/element.js
207 silly gunzTarPerm extractEntry lib/bindings.js
208 silly gunzTarPerm extractEntry lib/document.js
209 silly gunzTarPerm extractEntry .travis.yml
210 silly gunzTarPerm extractEntry Makefile
211 silly gunzTarPerm extractEntry wscript
212 silly gunzTarPerm extractEntry test/traversal.js
213 silly gunzTarPerm extractEntry test/searching.js
214 silly gunzTarPerm extractEntry test/element.js
215 silly gunzTarPerm extractEntry test/xml_sax_parser.js
216 silly gunzTarPerm extractEntry test/node_attributes.js
217 silly gunzTarPerm extractEntry test/attribute.js
218 silly gunzTarPerm extractEntry test/text_node.js
219 silly gunzTarPerm extractEntry test/ref_integrity.js
220 silly gunzTarPerm extractEntry test/document.js
221 silly gunzTarPerm extractEntry test/html_parser.js
222 silly gunzTarPerm extractEntry test/main.js
223 silly gunzTarPerm extractEntry test/namespace.js
224 silly gunzTarPerm extractEntry test/xml_parser.js
225 silly gunzTarPerm extractEntry test/fixtures/warnings/amp.html
226 silly gunzTarPerm extractEntry test/fixtures/warnings/ent9.xml
227 silly gunzTarPerm extractEntry test/fixtures/errors/comment.xml
228 silly gunzTarPerm extractEntry test/fixtures/parser.xml
229 silly gunzTarPerm extractEntry test/fixtures/parser-utf16.xml
230 silly gunzTarPerm extractEntry test/fixtures/parser.html
231 silly gunzTarPerm extractEntry test/fixtures/sax_parser.xml
232 silly gunzTarPerm extractEntry binding.gyp
233 silly gunzTarPerm extractEntry src/xml_xpath_context.cc
234 silly gunzTarPerm extractEntry src/html_document.cc
235 silly gunzTarPerm extractEntry src/html_document.h
236 silly gunzTarPerm extractEntry src/xml_namespace.cc
237 silly gunzTarPerm extractEntry src/xml_element.cc
238 silly gunzTarPerm extractEntry src/xml_sax_parser.cc
239 silly gunzTarPerm extractEntry src/xml_element.h
240 silly gunzTarPerm extractEntry src/libxmljs.cc
241 silly gunzTarPerm extractEntry src/xml_namespace.h
242 silly gunzTarPerm extractEntry src/xml_syntax_error.h
243 silly gunzTarPerm extractEntry src/xml_attribute.h
244 silly gunzTarPerm extractEntry src/libxmljs.h
245 silly gunzTarPerm extractEntry src/xml_document.cc
246 silly gunzTarPerm extractEntry src/xml_syntax_error.cc
247 silly gunzTarPerm extractEntry src/xml_attribute.cc
248 silly gunzTarPerm extractEntry src/xml_document.h
249 silly gunzTarPerm extractEntry src/xml_sax_parser.h
250 silly gunzTarPerm extractEntry src/xml_xpath_context.h
251 silly gunzTarPerm extractEntry src/xml_node.h
252 silly gunzTarPerm extractEntry src/xml_node.cc
253 silly gunzTarPerm extractEntry docs/api/Libxmljs.md
254 silly gunzTarPerm extractEntry docs/api/SaxPushParser.md
255 silly gunzTarPerm extractEntry docs/api/HtmlDocument.md
256 silly gunzTarPerm extractEntry docs/api/Namespace.md
257 silly gunzTarPerm extractEntry docs/api/XmlDocument.md
258 silly gunzTarPerm extractEntry docs/api/Attribute.md
259 silly gunzTarPerm extractEntry docs/api/Parser.md
260 silly gunzTarPerm extractEntry docs/api/SyntaxError.md
261 silly gunzTarPerm extractEntry docs/api/SaxParser.md
262 silly gunzTarPerm extractEntry docs/api/Element.md
263 silly gunzTarPerm extractEntry docs/_Sidebar.md
264 silly gunzTarPerm extractEntry docs/Home.md
265 verbose read json /root/.npm/libxmljs/0.6.1/package/package.json
266 silly lockFile fb9db74f-root-npm-libxmljs-0-6-1-package /root/.npm/libxmljs/0.6.1/package
267 silly shasum updated bytes 32921
268 info shasum 174d815fe8eaf4e4493501ee00e279d914a183ae
268 info shasum /root/.npm/libxmljs/0.6.1/package.tgz
269 verbose from cache /root/.npm/libxmljs/0.6.1/package/package.json
270 verbose chmod /root/.npm/libxmljs/0.6.1/package.tgz 644
271 verbose chown /root/.npm/libxmljs/0.6.1/package.tgz [ 0, 0 ]
272 silly lockFile 60b19884--org-libxmljs-libxmljs-0-6-1-tgz https://registry.npmjs.org/libxmljs/-/libxmljs-0.6.1.tgz
273 silly lockFile 20ccf02a-libxmljs-0-6-1 libxmljs@0.6.1
274 silly lockFile facb906b-libxmljs libxmljs@
275 silly resolved [ { name: 'libxmljs',
275 silly resolved     author: { name: 'Marco Rogers - http://github.com/polotek' },
275 silly resolved     contributors: [ [Object] ],
275 silly resolved     description: 'libxml bindings for v8 javascript engine',
275 silly resolved     version: '0.6.1',
275 silly resolved     scripts:
275 silly resolved      { test: 'node --expose_gc ./node_modules/nodeunit/bin/nodeunit test',
275 silly resolved        install: 'node-gyp rebuild' },
275 silly resolved     repository: { type: 'git', url: 'http://github.com/polotek/libxmljs.git' },
275 silly resolved     bugs: { mail: '', url: 'http://github.com/polotek/libxmljs/issues' },
275 silly resolved     main: './index',
275 silly resolved     engines: { node: '>=0.4.7' },
275 silly resolved     dependencies: { bindings: '1.0.0' },
275 silly resolved     devDependencies: { nodeunit: '*' },
275 silly resolved     gypfile: true,
275 silly resolved     readme: '# Libxmljs\n[![Build Status](https://secure.travis-ci.org/polotek/libxmljs.png?branch=master)](http://travis-ci.org/polotek/libxmljs)\n\nLibXML bindings for [node.js](http://nodejs.org/)\n\n```javascript\nvar libxmljs = require("libxmljs");\nvar xml =  \'<?xml version="1.0" encoding="UTF-8"?>\' +\n           \'<root>\' +\n               \'<child foo="bar">\' +\n                   \'<grandchild baz="fizbuzz">grandchild content</grandchild>\' +\n               \'</child>\' +\n               \'<sibling>with content!</sibling>\' +\n           \'</root>\';\n\nvar xmlDoc = libxmljs.parseXml(xml);\n\n// xpath queries\nvar gchild = xmlDoc.get(\'//grandchild\');\n\nconsole.log(gchild.text());  // prints "grandchild content"\n\nvar children = xmlDoc.root().childNodes();\nvar child = children[0];\n\nconsole.log(child.attr(\'foo\').value()); // prints "bar"\n```\n\nCDATA Example:\n\n```javascript\nvar libxml = require(\'libxmljs\');\n\nvar doc = libxml.Document();\nvar elem = doc.node(\'name1\');\nvar newChild = libxml.Element(doc, \'new-child\');\nelem.addChild(newChild);\n\nvar child1 = elem.node(\'child1\');\nvar child2 = elem.node(\'child2\', \'second\');\nvar newChild = libxml.Element(doc, \'new-child\');\nvar name2 = elem.node(\'name2\');\nname2.addChild(newChild);\nchild2.cdata(\'<h1>cdata test</h1>\').cdata(\'<p>It\\\'s worked</p>\').cdata(\'<hr/>All done\');\n\nconsole.log(\'Document with CDATA: %s\', doc.toString());\n```\n\n## Basics\n\n* Docs - [http://github.com/polotek/libxmljs/wiki](http://github.com/polotek/libxmljs/wiki)\n* Mailing list - [http://groups.google.com/group/libxmljs](http://groups.google.com/group/libxmljs)\n\n## API and Examples\n\nCheck out the wiki [http://github.com/polotek/libxmljs/wiki](http://github.com/polotek/libxmljs/wiki)\n\n## Requirements\n\n* [libxml2](http://www.xmlsoft.org/)\n\nYou will need have the libxml2 library installed and also the libxml2-devel (libxml2-dev on debian systems)\npackage. This comes with the `xml2-config` utility that is needed for\ncompiling.  **This command must be in your path.**\n\n## Installation\n\n**npm**\n\n    npm install libxmljs\n\n**source**\n\nTo build with node waf:\n\n    node-gyp configure\n    node-gyp build\n\nAlternatively, run `make`.\n\n**tests**\n\n    npm test\n',
275 silly resolved     _id: 'libxmljs@0.6.1',
275 silly resolved     dist: { shasum: '174d815fe8eaf4e4493501ee00e279d914a183ae' },
275 silly resolved     _from: 'libxmljs' } ]
276 info install libxmljs@0.6.1 into /home/zhaolin/localhost:443/node-app
277 info installOne libxmljs@0.6.1
278 verbose from cache /root/.npm/libxmljs/0.6.1/package/package.json
279 info /home/zhaolin/localhost:443/node-app/node_modules/libxmljs unbuild
280 verbose read json /home/zhaolin/localhost:443/node-app/node_modules/libxmljs/package.json
281 verbose tar unpack /root/.npm/libxmljs/0.6.1/package.tgz
282 silly lockFile 830754ea-3-node-app-node-modules-libxmljs /home/zhaolin/localhost:443/node-app/node_modules/libxmljs
283 verbose lock /home/zhaolin/localhost:443/node-app/node_modules/libxmljs /root/.npm/830754ea-3-node-app-node-modules-libxmljs.lock
284 silly gunzTarPerm modes [ '755', '644' ]
285 silly gunzTarPerm extractEntry package.json
286 silly gunzTarPerm extractEntry .npmignore
287 silly gunzTarPerm extractEntry README.md
288 silly gunzTarPerm extractEntry LICENSE
289 silly gunzTarPerm extractEntry index.js
290 silly gunzTarPerm extractEntry lib/sax_parser.js
291 silly gunzTarPerm extractEntry lib/element.js
292 silly gunzTarPerm extractEntry lib/bindings.js
293 silly gunzTarPerm extractEntry lib/document.js
294 silly gunzTarPerm extractEntry .travis.yml
295 silly gunzTarPerm extractEntry Makefile
296 silly gunzTarPerm extractEntry wscript
297 silly gunzTarPerm extractEntry test/traversal.js
298 silly gunzTarPerm extractEntry test/searching.js
299 silly gunzTarPerm extractEntry test/element.js
300 silly gunzTarPerm extractEntry test/xml_sax_parser.js
301 silly gunzTarPerm extractEntry test/node_attributes.js
302 silly gunzTarPerm extractEntry test/attribute.js
303 silly gunzTarPerm extractEntry test/text_node.js
304 silly gunzTarPerm extractEntry test/ref_integrity.js
305 silly gunzTarPerm extractEntry test/document.js
306 silly gunzTarPerm extractEntry test/html_parser.js
307 silly gunzTarPerm extractEntry test/main.js
308 silly gunzTarPerm extractEntry test/namespace.js
309 silly gunzTarPerm extractEntry test/xml_parser.js
310 silly gunzTarPerm extractEntry test/fixtures/warnings/amp.html
311 silly gunzTarPerm extractEntry test/fixtures/warnings/ent9.xml
312 silly gunzTarPerm extractEntry test/fixtures/errors/comment.xml
313 silly gunzTarPerm extractEntry test/fixtures/parser.xml
314 silly gunzTarPerm extractEntry test/fixtures/parser-utf16.xml
315 silly gunzTarPerm extractEntry test/fixtures/parser.html
316 silly gunzTarPerm extractEntry test/fixtures/sax_parser.xml
317 silly gunzTarPerm extractEntry binding.gyp
318 silly gunzTarPerm extractEntry src/xml_xpath_context.cc
319 silly gunzTarPerm extractEntry src/html_document.cc
320 silly gunzTarPerm extractEntry src/html_document.h
321 silly gunzTarPerm extractEntry src/xml_namespace.cc
322 silly gunzTarPerm extractEntry src/xml_element.cc
323 silly gunzTarPerm extractEntry src/xml_sax_parser.cc
324 silly gunzTarPerm extractEntry src/xml_element.h
325 silly gunzTarPerm extractEntry src/libxmljs.cc
326 silly gunzTarPerm extractEntry src/xml_namespace.h
327 silly gunzTarPerm extractEntry src/xml_syntax_error.h
328 silly gunzTarPerm extractEntry src/xml_attribute.h
329 silly gunzTarPerm extractEntry src/libxmljs.h
330 silly gunzTarPerm extractEntry src/xml_document.cc
331 silly gunzTarPerm extractEntry src/xml_syntax_error.cc
332 silly gunzTarPerm extractEntry src/xml_attribute.cc
333 silly gunzTarPerm extractEntry src/xml_document.h
334 silly gunzTarPerm extractEntry src/xml_sax_parser.h
335 silly gunzTarPerm extractEntry src/xml_xpath_context.h
336 silly gunzTarPerm extractEntry src/xml_node.h
337 silly gunzTarPerm extractEntry src/xml_node.cc
338 silly gunzTarPerm extractEntry docs/api/Libxmljs.md
339 silly gunzTarPerm extractEntry docs/api/SaxPushParser.md
340 silly gunzTarPerm extractEntry docs/api/HtmlDocument.md
341 silly gunzTarPerm extractEntry docs/api/Namespace.md
342 silly gunzTarPerm extractEntry docs/api/XmlDocument.md
343 silly gunzTarPerm extractEntry docs/api/Attribute.md
344 silly gunzTarPerm extractEntry docs/api/Parser.md
345 silly gunzTarPerm extractEntry docs/api/SyntaxError.md
346 silly gunzTarPerm extractEntry docs/api/SaxParser.md
347 silly gunzTarPerm extractEntry docs/api/Element.md
348 silly gunzTarPerm extractEntry docs/_Sidebar.md
349 silly gunzTarPerm extractEntry docs/Home.md
350 verbose read json /home/zhaolin/localhost:443/node-app/node_modules/libxmljs/package.json
351 silly lockFile 830754ea-3-node-app-node-modules-libxmljs /home/zhaolin/localhost:443/node-app/node_modules/libxmljs
352 info preinstall libxmljs@0.6.1
353 verbose from cache /home/zhaolin/localhost:443/node-app/node_modules/libxmljs/package.json
354 verbose readDependencies using package.json deps
355 verbose from cache /home/zhaolin/localhost:443/node-app/node_modules/libxmljs/package.json
356 verbose readDependencies using package.json deps
357 verbose cache add [ 'bindings@1.0.0', null ]
358 silly cache add name=undefined spec="bindings@1.0.0" args=["bindings@1.0.0",null]
359 verbose parsed url { pathname: 'bindings@1.0.0',
359 verbose parsed url   path: 'bindings@1.0.0',
359 verbose parsed url   href: 'bindings@1.0.0' }
360 silly cache add name="bindings" spec="1.0.0" args=["bindings","1.0.0"]
361 verbose parsed url { pathname: '1.0.0', path: '1.0.0', href: '1.0.0' }
362 verbose addNamed [ 'bindings', '1.0.0' ]
363 verbose addNamed [ '1.0.0', '1.0.0' ]
364 silly lockFile f01e5454-bindings-1-0-0 bindings@1.0.0
365 verbose lock bindings@1.0.0 /root/.npm/f01e5454-bindings-1-0-0.lock
366 verbose url raw bindings/1.0.0
367 verbose url resolving [ 'https://registry.npmjs.org/', './bindings/1.0.0' ]
368 verbose url resolved https://registry.npmjs.org/bindings/1.0.0
369 info retry registry request attempt 1 at 14:40:00
370 http GET https://registry.npmjs.org/bindings/1.0.0
371 http 200 https://registry.npmjs.org/bindings/1.0.0
372 silly registry.get cb [ 200,
372 silly registry.get   { vary: 'Accept',
372 silly registry.get     server: 'CouchDB/1.2.0 (Erlang OTP/R15B)',
372 silly registry.get     etag: '"64PA4SD751I7ZJ5D8J6WAIMVP"',
372 silly registry.get     date: 'Wed, 02 Jan 2013 06:38:55 GMT',
372 silly registry.get     'content-type': 'application/json',
372 silly registry.get     'content-length': '4132' } ]
373 silly lockFile ccf0f56a--org-bindings-bindings-1-0-0-tgz https://registry.npmjs.org/bindings/-/bindings-1.0.0.tgz
374 verbose lock https://registry.npmjs.org/bindings/-/bindings-1.0.0.tgz /root/.npm/ccf0f56a--org-bindings-bindings-1-0-0-tgz.lock
375 verbose addRemoteTarball [ 'https://registry.npmjs.org/bindings/-/bindings-1.0.0.tgz',
375 verbose addRemoteTarball   'c3ccde60e9de6807c6f1aa4ef4843af29191c828' ]
376 info retry fetch attempt 1 at 14:40:09
377 verbose fetch to= /root/tmp/npm-28966/1357108809276-0.4189515949692577/tmp.tgz
378 http GET https://registry.npmjs.org/bindings/-/bindings-1.0.0.tgz
379 http 200 https://registry.npmjs.org/bindings/-/bindings-1.0.0.tgz
380 silly shasum updated bytes 3456
381 info shasum c3ccde60e9de6807c6f1aa4ef4843af29191c828
381 info shasum /root/tmp/npm-28966/1357108809276-0.4189515949692577/tmp.tgz
382 verbose tar unpack /root/tmp/npm-28966/1357108809276-0.4189515949692577/tmp.tgz
383 silly lockFile fce54462-09276-0-4189515949692577-package /root/tmp/npm-28966/1357108809276-0.4189515949692577/package
384 verbose lock /root/tmp/npm-28966/1357108809276-0.4189515949692577/package /root/.npm/fce54462-09276-0-4189515949692577-package.lock
385 silly gunzTarPerm modes [ '755', '644' ]
386 silly gunzTarPerm extractEntry package.json
387 silly gunzTarPerm extractEntry README.md
388 silly gunzTarPerm extractEntry bindings.js
389 verbose read json /root/tmp/npm-28966/1357108809276-0.4189515949692577/package/package.json
390 silly lockFile fce54462-09276-0-4189515949692577-package /root/tmp/npm-28966/1357108809276-0.4189515949692577/package
391 verbose from cache /root/tmp/npm-28966/1357108809276-0.4189515949692577/package/package.json
392 verbose tar pack [ '/root/.npm/bindings/1.0.0/package.tgz',
392 verbose tar pack   '/root/tmp/npm-28966/1357108809276-0.4189515949692577/package' ]
393 verbose tarball /root/.npm/bindings/1.0.0/package.tgz
394 verbose folder /root/tmp/npm-28966/1357108809276-0.4189515949692577/package
395 silly lockFile 6bd1b7e4-t-npm-bindings-1-0-0-package-tgz /root/.npm/bindings/1.0.0/package.tgz
396 verbose lock /root/.npm/bindings/1.0.0/package.tgz /root/.npm/6bd1b7e4-t-npm-bindings-1-0-0-package-tgz.lock
397 silly lockFile 6bd1b7e4-t-npm-bindings-1-0-0-package-tgz /root/.npm/bindings/1.0.0/package.tgz
398 silly lockFile bcacce71-root-npm-bindings-1-0-0-package /root/.npm/bindings/1.0.0/package
399 verbose lock /root/.npm/bindings/1.0.0/package /root/.npm/bcacce71-root-npm-bindings-1-0-0-package.lock
400 silly lockFile bcacce71-root-npm-bindings-1-0-0-package /root/.npm/bindings/1.0.0/package
401 verbose tar unpack /root/.npm/bindings/1.0.0/package.tgz
402 silly lockFile bcacce71-root-npm-bindings-1-0-0-package /root/.npm/bindings/1.0.0/package
403 verbose lock /root/.npm/bindings/1.0.0/package /root/.npm/bcacce71-root-npm-bindings-1-0-0-package.lock
404 silly gunzTarPerm modes [ '755', '644' ]
405 silly gunzTarPerm extractEntry package.json
406 silly gunzTarPerm extractEntry README.md
407 silly gunzTarPerm extractEntry bindings.js
408 verbose read json /root/.npm/bindings/1.0.0/package/package.json
409 silly lockFile bcacce71-root-npm-bindings-1-0-0-package /root/.npm/bindings/1.0.0/package
410 silly shasum updated bytes 3450
411 info shasum 6d6f115e28d848359a89d17dfda1902a74fd4d91
411 info shasum /root/.npm/bindings/1.0.0/package.tgz
412 verbose from cache /root/.npm/bindings/1.0.0/package/package.json
413 verbose chmod /root/.npm/bindings/1.0.0/package.tgz 644
414 verbose chown /root/.npm/bindings/1.0.0/package.tgz [ 0, 0 ]
415 silly lockFile ccf0f56a--org-bindings-bindings-1-0-0-tgz https://registry.npmjs.org/bindings/-/bindings-1.0.0.tgz
416 silly lockFile f01e5454-bindings-1-0-0 bindings@1.0.0
417 silly resolved [ { name: 'bindings',
417 silly resolved     description: 'Helper module for loading your native module\'s .node file',
417 silly resolved     keywords: [ 'native', 'addon', 'bindings', 'gyp', 'waf', 'c', 'c++' ],
417 silly resolved     version: '1.0.0',
417 silly resolved     author:
417 silly resolved      { name: 'Nathan Rajlich',
417 silly resolved        email: 'nathan@tootallnate.net',
417 silly resolved        url: 'http://tootallnate.net' },
417 silly resolved     repository:
417 silly resolved      { type: 'git',
417 silly resolved        url: 'git://github.com/TooTallNate/node-bindings.git' },
417 silly resolved     main: './bindings.js',
417 silly resolved     readme: 'node-bindings\n=============\n### Helper module for loading your native module\'s .node file\n\nThis is a helper module for authors of Node.js native addon modules.\nIt is basically the "swiss army knife" of `require()`ing your native module\'s\n`.node` file.\n\nThroughout the course of Node\'s native addon history, addons have ended up being\ncompiled in a variety of different places, depending on which build tool and which\nversion of node was used. To make matters worse, now the _gyp_ build tool can\nproduce either a _Release_ or _Debug_ build, each being built into different\nlocations.\n\nThis module checks _all_ the possible locations that a native addon would be built\nat, and returns the first one that loads successfully.\n\n\nInstallation\n------------\n\nInstall with `npm`:\n\n``` bash\n$ npm install bindings\n```\n\nOr add it to the `"dependencies"` section of your _package.json_ file.\n\n\nExample\n-------\n\n`require()`ing the proper bindings file for the current node version, platform\nand architecture is as simple as:\n\n``` js\nvar bindings = require(\'bindings\')(\'binding.node\')\n\n// Use your bindings defined in your C files\nbindings.your_c_function()\n```\n\n\nNice Error Output\n-----------------\n\nWhen the `.node` file could not be loaded, `node-bindings` throws an Error with\na nice error message telling you exactly what was tried. You can also check the\n`err.tries` Array property.\n\n```\nError: Could not load the bindings file. Tried:\n → /Users/nrajlich/ref/build/binding.node\n → /Users/nrajlich/ref/build/Debug/binding.node\n → /Users/nrajlich/ref/build/Release/binding.node\n → /Users/nrajlich/ref/out/Debug/binding.node\n → /Users/nrajlich/ref/Debug/binding.node\n → /Users/nrajlich/ref/out/Release/binding.node\n → /Users/nrajlich/ref/Release/binding.node\n → /Users/nrajlich/ref/build/default/binding.node\n → /Users/nrajlich/ref/compiled/0.8.2/darwin/x64/binding.node\n    at bindings (/Users/nrajlich/ref/node_modules/bindings/bindings.js:84:13)\n    at Object.<anonymous> (/Users/nrajlich/ref/lib/ref.js:5:47)\n    at Module._compile (module.js:449:26)\n    at Object.Module._extensions..js (module.js:467:10)\n    at Module.load (module.js:356:32)\n    at Function.Module._load (module.js:312:12)\n    ...\n```\n\n\nLicense\n-------\n\n(The MIT License)\n\nCopyright (c) 2012 Nathan Rajlich &lt;nathan@tootallnate.net&gt;\n\nPermission is hereby granted, free of charge, to any person obtaining\na copy of this software and associated documentation files (the\n\'Software\'), to deal in the Software without restriction, including\nwithout limitation the rights to use, copy, modify, merge, publish,\ndistribute, sublicense, and/or sell copies of the Software, and to\npermit persons to whom the Software is furnished to do so, subject to\nthe following conditions:\n\nThe above copyright notice and this permission notice shall be\nincluded in all copies or substantial portions of the Software.\n\nTHE SOFTWARE IS PROVIDED \'AS IS\', WITHOUT WARRANTY OF ANY KIND,\nEXPRESS OR IMPLIED, INCLUDING BUT NOT LIMITED TO THE WARRANTIES OF\nMERCHANTABILITY, FITNESS FOR A PARTICULAR PURPOSE AND NONINFRINGEMENT.\nIN NO EVENT SHALL THE AUTHORS OR COPYRIGHT HOLDERS BE LIABLE FOR ANY\nCLAIM, DAMAGES OR OTHER LIABILITY, WHETHER IN AN ACTION OF CONTRACT,\nTORT OR OTHERWISE, ARISING FROM, OUT OF OR IN CONNECTION WITH THE\nSOFTWARE OR THE USE OR OTHER DEALINGS IN THE SOFTWARE.\n',
417 silly resolved     _id: 'bindings@1.0.0',
417 silly resolved     dist: { shasum: '6d6f115e28d848359a89d17dfda1902a74fd4d91' },
417 silly resolved     _from: 'bindings@1.0.0' } ]
418 info install bindings@1.0.0 into /home/zhaolin/localhost:443/node-app/node_modules/libxmljs
419 info installOne bindings@1.0.0
420 verbose from cache /root/.npm/bindings/1.0.0/package/package.json
421 info /home/zhaolin/localhost:443/node-app/node_modules/libxmljs/node_modules/bindings unbuild
422 verbose read json /home/zhaolin/localhost:443/node-app/node_modules/libxmljs/node_modules/bindings/package.json
423 verbose tar unpack /root/.npm/bindings/1.0.0/package.tgz
424 silly lockFile 8a58ab79-s-libxmljs-node-modules-bindings /home/zhaolin/localhost:443/node-app/node_modules/libxmljs/node_modules/bindings
425 verbose lock /home/zhaolin/localhost:443/node-app/node_modules/libxmljs/node_modules/bindings /root/.npm/8a58ab79-s-libxmljs-node-modules-bindings.lock
426 silly gunzTarPerm modes [ '755', '644' ]
427 silly gunzTarPerm extractEntry package.json
428 silly gunzTarPerm extractEntry README.md
429 silly gunzTarPerm extractEntry bindings.js
430 verbose read json /home/zhaolin/localhost:443/node-app/node_modules/libxmljs/node_modules/bindings/package.json
431 silly lockFile 8a58ab79-s-libxmljs-node-modules-bindings /home/zhaolin/localhost:443/node-app/node_modules/libxmljs/node_modules/bindings
432 info preinstall bindings@1.0.0
433 verbose from cache /home/zhaolin/localhost:443/node-app/node_modules/libxmljs/node_modules/bindings/package.json
434 verbose readDependencies using package.json deps
435 verbose from cache /home/zhaolin/localhost:443/node-app/node_modules/libxmljs/node_modules/bindings/package.json
436 verbose readDependencies using package.json deps
437 silly resolved []
438 verbose about to build /home/zhaolin/localhost:443/node-app/node_modules/libxmljs/node_modules/bindings
439 info build /home/zhaolin/localhost:443/node-app/node_modules/libxmljs/node_modules/bindings
440 verbose from cache /home/zhaolin/localhost:443/node-app/node_modules/libxmljs/node_modules/bindings/package.json
441 verbose linkStuff [ false,
441 verbose linkStuff   false,
441 verbose linkStuff   false,
441 verbose linkStuff   '/home/zhaolin/localhost:443/node-app/node_modules/libxmljs/node_modules' ]
442 info linkStuff bindings@1.0.0
443 verbose linkBins bindings@1.0.0
444 verbose linkMans bindings@1.0.0
445 verbose rebuildBundles bindings@1.0.0
446 info install bindings@1.0.0
447 info postinstall bindings@1.0.0
448 verbose about to build /home/zhaolin/localhost:443/node-app/node_modules/libxmljs
449 info build /home/zhaolin/localhost:443/node-app/node_modules/libxmljs
450 verbose from cache /home/zhaolin/localhost:443/node-app/node_modules/libxmljs/package.json
451 verbose linkStuff [ false,
451 verbose linkStuff   false,
451 verbose linkStuff   false,
451 verbose linkStuff   '/home/zhaolin/localhost:443/node-app/node_modules' ]
452 info linkStuff libxmljs@0.6.1
453 verbose linkBins libxmljs@0.6.1
454 verbose linkMans libxmljs@0.6.1
455 verbose rebuildBundles libxmljs@0.6.1
456 verbose rebuildBundles [ 'bindings' ]
457 info install libxmljs@0.6.1
458 verbose unsafe-perm in lifecycle false
459 silly exec sh "-c" "node-gyp rebuild"
460 silly sh,-c,node-gyp rebuild,/home/zhaolin/localhost:443/node-app/node_modules/libxmljs spawning
461 info libxmljs@0.6.1 Failed to exec install script
462 info /home/zhaolin/localhost:443/node-app/node_modules/libxmljs unbuild
463 verbose from cache /home/zhaolin/localhost:443/node-app/node_modules/libxmljs/package.json
464 info preuninstall libxmljs@0.6.1
465 info uninstall libxmljs@0.6.1
466 verbose true,/home/zhaolin/localhost:443/node-app/node_modules,/home/zhaolin/localhost:443/node-app/node_modules unbuild libxmljs@0.6.1
467 info postuninstall libxmljs@0.6.1
468 error libxmljs@0.6.1 install: `node-gyp rebuild`
468 error `sh "-c" "node-gyp rebuild"` failed with 1
469 error Failed at the libxmljs@0.6.1 install script.
469 error This is most likely a problem with the libxmljs package,
469 error not with npm itself.
469 error Tell the author that this fails on your system:
469 error     node-gyp rebuild
469 error You can get their info via:
469 error     npm owner ls libxmljs
469 error There is likely additional logging output above.
470 error System Linux 2.6.18-274.3.1.el5.centos.plusxen
471 error command "/usr/local/bin/node" "/usr/local/bin/npm" "install" "libxmljs"
472 error cwd /home/zhaolin/localhost:443/node-app
473 error node -v v0.8.4
474 error npm -v 1.1.45
475 error code ELIFECYCLE
476 verbose exit [ 1, true ]
